<?xml version="1.0" encoding="UTF-8"?>
<!-- Generated by org.testng.reporters.JUnitXMLReporter -->
<testsuite hostname="D-113181255" ignored="0" name="Default test" tests="4" failures="0" timestamp="10 Jul 2020 18:37:47 GMT" time="77.97" errors="0">
  <testcase name="feature" time="16.062" classname="runner.TestRunner"/>
  <testcase name="feature" time="9.232" classname="runner.TestRunner"/>
  <testcase name="feature" time="7.668" classname="runner.TestRunner"/>
  <testcase name="feature" time="43.662" classname="runner.TestRunner"/>
</testsuite> <!-- Default test -->
